<?xml version="1.0" encoding="UTF-8"?>
<testng-results ignored="0" total="2" passed="2" failed="0" skipped="0">
  <reporter-output>
  </reporter-output>
  <suite started-at="2021-04-08T21:42:34 IST" name="Suite" finished-at="2021-04-08T21:42:34 IST" duration-ms="103">
    <groups>
      <group name="Addition1">
        <method signature="GroupsDemo.add()[pri:0, instance:NewTestNG.GroupsDemo@23986957]" name="add" class="NewTestNG.GroupsDemo"/>
      </group> <!-- Addition1 -->
      <group name="Addition2">
        <method signature="GroupsDemo.sub()[pri:0, instance:NewTestNG.GroupsDemo@23986957]" name="sub" class="NewTestNG.GroupsDemo"/>
      </group> <!-- Addition2 -->
    </groups>
    <test started-at="2021-04-08T21:42:34 IST" name="Test" finished-at="2021-04-08T21:42:34 IST" duration-ms="103">
      <class name="NewTestNG.GroupsDemo">
        <test-method signature="add()[pri:0, instance:NewTestNG.GroupsDemo@23986957]" started-at="2021-04-08T21:42:34 IST" name="add" finished-at="2021-04-08T21:42:34 IST" duration-ms="18" status="PASS">
          <reporter-output>
          </reporter-output>
        </test-method> <!-- add -->
        <test-method signature="sub()[pri:0, instance:NewTestNG.GroupsDemo@23986957]" started-at="2021-04-08T21:42:34 IST" name="sub" finished-at="2021-04-08T21:42:34 IST" duration-ms="3" status="PASS">
          <reporter-output>
          </reporter-output>
        </test-method> <!-- sub -->
      </class> <!-- NewTestNG.GroupsDemo -->
    </test> <!-- Test -->
  </suite> <!-- Suite -->
</testng-results>
